Change Component Designator: Old Designator=C? New Designator=C6
Change Component Designator: Old Designator=C? New Designator=C7
Change Component Designator: Old Designator=C? New Designator=C8
Change Component Designator: Old Designator=C? New Designator=C9
Change Component Designator: Old Designator=C? New Designator=C10
Change Component Designator: Old Designator=D? New Designator=D6
Change Component Designator: Old Designator=D? New Designator=D7
Change Component Designator: Old Designator=D? New Designator=D8
Change Component Designator: Old Designator=D? New Designator=D9
Change Component Designator: Old Designator=D? New Designator=D10
Change Component Designator: Old Designator=DIO? New Designator=DIO3
Change Component Designator: Old Designator=DIO? New Designator=DIO4
Change Component Designator: Old Designator=DIO? New Designator=DIO7
Change Component Designator: Old Designator=DIO? New Designator=DIO8
Change Component Designator: Old Designator=DIO? New Designator=DIO9
Change Component Designator: Old Designator=DIO? New Designator=DIO10
Change Component Designator: Old Designator=DIO? New Designator=DIO11
Change Component Designator: Old Designator=DIO? New Designator=DIO12
Change Component Designator: Old Designator=HD? New Designator=HD8
Change Component Designator: Old Designator=HD? New Designator=HD9
Change Component Designator: Old Designator=HD? New Designator=HD10
Change Component Designator: Old Designator=HD? New Designator=HD11
Change Component Designator: Old Designator=HD? New Designator=HD12
Change Component Designator: Old Designator=HD? New Designator=HD13
Change Component Designator: Old Designator=IC? New Designator=IC2
Change Component Designator: Old Designator=JP? New Designator=JP3
Change Component Designator: Old Designator=JP? New Designator=JP5
Change Component Designator: Old Designator=JP? New Designator=JP6
Change Component Designator: Old Designator=JP? New Designator=JP7
Change Component Designator: Old Designator=L? New Designator=L2
Change Component Designator: Old Designator=P? New Designator=P3
Change Component Designator: Old Designator=P? New Designator=P4
Change Component Designator: Old Designator=Q? New Designator=Q3
Change Component Designator: Old Designator=Q? New Designator=Q4
Change Component Designator: Old Designator=Q? New Designator=Q6
Change Component Designator: Old Designator=Q? New Designator=Q8
Change Component Designator: Old Designator=Q? New Designator=Q9
Change Component Designator: Old Designator=Q? New Designator=Q10
Change Component Designator: Old Designator=Q? New Designator=Q11
Change Component Designator: Old Designator=Q? New Designator=Q12
Change Component Designator: Old Designator=R? New Designator=R3
Change Component Designator: Old Designator=R? New Designator=R8
Change Component Designator: Old Designator=R? New Designator=R9
Change Component Designator: Old Designator=R? New Designator=R10
Change Component Designator: Old Designator=R? New Designator=R11
Change Component Designator: Old Designator=R? New Designator=R16
Change Component Designator: Old Designator=R? New Designator=R17
Change Component Designator: Old Designator=R? New Designator=R18
Change Component Designator: Old Designator=R? New Designator=R19
Change Component Designator: Old Designator=R? New Designator=R20
Change Component Designator: Old Designator=R? New Designator=R21
Change Component Designator: Old Designator=R? New Designator=R22
Change Component Designator: Old Designator=U? New Designator=U3
Change Component Designator: Old Designator=U? New Designator=U3
Change Component Designator: Old Designator=U? New Designator=U3
Change Component Designator: Old Designator=U? New Designator=U3
Change Component Designator: Old Designator=U? New Designator=U4
Change Component Designator: Old Designator=VR? New Designator=VR5
Change Component Designator: Old Designator=VR? New Designator=VR6
Change Component Designator: Old Designator=VR? New Designator=VR7
Change Component Designator: Old Designator=VR? New Designator=VR8
