Removed Pin From Net: NetName=GND Pin=C19-2
Change component parameters: Designator = "C19"; Footprint = "CP2/5"; UniqueID = "\FLMVFBWG"
Change component parameters. Clean all parameters for all variants
Change component parameters (AddParameter): Name = "LatestRevisionDate"; Value = "17-Jul-2002"; VariantName = "[No Variations]"
Change component parameters (AddParameter): Name = "LatestRevisionNote"; Value = "Re-released for DXP Platform."; VariantName = "[No Variations]"
Change component parameters (AddParameter): Name = "PackageReference"; Value = "C0805"; VariantName = "[No Variations]"
Change component parameters (AddParameter): Name = "Publisher"; Value = "Altium Limited"; VariantName = "[No Variations]"
Change component parameters (AddParameter): Name = "Value"; Value = "1000pF/35V"; VariantName = "[No Variations]"
Change component parameters (AddParameter ignored because duplicated): Name = "VALUE"; Value = "C?"; VariantName = "[No Variations]"
Added Component: Designator=C20(CP2/5)
Add component. Clean all parameters for all variants
Add component (AddParameter): Name = "LatestRevisionDate"; Value = "17-Jul-2002"; VariantName = "[No Variations]"
Add component (AddParameter): Name = "LatestRevisionNote"; Value = "Re-released for DXP Platform."; VariantName = "[No Variations]"
Add component (AddParameter): Name = "PackageReference"; Value = "C0805"; VariantName = "[No Variations]"
Add component (AddParameter): Name = "Publisher"; Value = "Altium Limited"; VariantName = "[No Variations]"
Add component (AddParameter): Name = "Value"; Value = "1000pF/35V"; VariantName = "[No Variations]"
Add component (AddParameter ignored because duplicated): Name = "VALUE"; Value = "C?"; VariantName = "[No Variations]"
Added Component: Designator=C22(CP2/5)
Add component. Clean all parameters for all variants
Add component (AddParameter): Name = "LatestRevisionDate"; Value = "17-Jul-2002"; VariantName = "[No Variations]"
Add component (AddParameter): Name = "LatestRevisionNote"; Value = "Re-released for DXP Platform."; VariantName = "[No Variations]"
Add component (AddParameter): Name = "PackageReference"; Value = "C0805"; VariantName = "[No Variations]"
Add component (AddParameter): Name = "Publisher"; Value = "Altium Limited"; VariantName = "[No Variations]"
Add component (AddParameter): Name = "Value"; Value = "1000pF/35V"; VariantName = "[No Variations]"
Add component (AddParameter ignored because duplicated): Name = "VALUE"; Value = "C?"; VariantName = "[No Variations]"
Added Pin To Net: NetName=GND Pin=C20-2
Added Pin To Net: NetName=NetC19_1 Pin=C22-1
Added Pin To Net: NetName=GND Pin=C22-2
Change Net Name : Old Net Name=NetC19_1 New Net Name=NetC22_1
Added Pin To Net: NetName=NetC20_1 Pin=C20-1
Added Pin To Net: NetName=NetC20_1 Pin=HD1-1
Added Pin To Net: NetName=NetC20_1 Pin=IC1-2
Added Pin To Net: NetName=NetC20_1 Pin=R1-2
Added Net: Name=NetC20_1
Added Member To Class: ClassName=mach nguon sch Member=Component C20 Cap Pol3
Added Member To Class: ClassName=mach nguon sch Member=Component C22 Cap Pol3
Added Member To Class: ClassName=mach nguon sch Member=Component HD1 Header 2
Added Room: Name=mach nguon sch
