Change Component Designator: Old Designator=? New Designator=1
Change Component Designator: Old Designator=? New Designator=12
Change Component Designator: Old Designator=? New Designator=13
Change Component Designator: Old Designator=? New Designator=14
Change Component Designator: Old Designator=? New Designator=15
Change Component Designator: Old Designator=Brid? New Designator=Brid2
Change Component Designator: Old Designator=C? New Designator=C1
Change Component Designator: Old Designator=C? New Designator=C2
Change Component Designator: Old Designator=C? New Designator=C3
Change Component Designator: Old Designator=C? New Designator=C4
Change Component Designator: Old Designator=C? New Designator=C5
Change Component Designator: Old Designator=C? New Designator=C7
Change Component Designator: Old Designator=C? New Designator=C22
Change Component Designator: Old Designator=C? New Designator=C34
Change Component Designator: Old Designator=C? New Designator=C35
Change Component Designator: Old Designator=C? New Designator=C36
Change Component Designator: Old Designator=C? New Designator=C37
Change Component Designator: Old Designator=C? New Designator=C38
Change Component Designator: Old Designator=C? New Designator=C39
Change Component Designator: Old Designator=C? New Designator=C40
Change Component Designator: Old Designator=C? New Designator=C54
Change Component Designator: Old Designator=C? New Designator=C55
Change Component Designator: Old Designator=C? New Designator=C56
Change Component Designator: Old Designator=D? New Designator=D1
Change Component Designator: Old Designator=D? New Designator=D5
Change Component Designator: Old Designator=Header? New Designator=Header1
Change Component Designator: Old Designator=Header? New Designator=Header2
Change Component Designator: Old Designator=IC? New Designator=IC1
Change Component Designator: Old Designator=IC? New Designator=IC8
Change Component Designator: Old Designator=L? New Designator=L1
Change Component Designator: Old Designator=L? New Designator=L8
Change Component Designator: Old Designator=R? New Designator=R16
Change Component Designator: Old Designator=RHS? New Designator=RHS1
Change Component Designator: Old Designator=RLS? New Designator=RLS1
Change Component Designator: Old Designator=RT? New Designator=RT1
Change Component Designator: Old Designator=RUVLO? New Designator=RUVLO3
Change Component Designator: Old Designator=RUVLO? New Designator=RUVLO4
Change Component Designator: Old Designator=SW? New Designator=SW1
Change Component Designator: Old Designator=SW? New Designator=SW2
Change Component Designator: Old Designator=T? New Designator=T1
Change Component Designator: Old Designator=terminal block ? New Designator=terminal block 1
Change Component Designator: Old Designator=terminal block ? New Designator=terminal block 2
Change Component Designator: Old Designator=Terminal block ? New Designator=Terminal block 3
Change Component Designator: Old Designator=Terminal block ? New Designator=Terminal block 4
Change Component Designator: Old Designator=U? New Designator=U1
Change Component Designator: Old Designator=U? New Designator=U11
